{"C:\\Users\\Zebastian\\Desktop\\Assignment1_Project_6309650841\\src\\util.js":{"path":"C:\\Users\\Zebastian\\Desktop\\Assignment1_Project_6309650841\\src\\util.js","s":{"1":1,"2":8,"3":8,"4":8,"5":8,"6":7,"7":7,"8":116,"9":116,"10":108,"11":108,"12":116,"13":7,"14":4,"15":3,"16":8,"17":1,"18":1,"19":1},"b":{"1":[7,1],"2":[123,117],"3":[108,8],"4":[116,111],"5":[4,3]},"f":{"1":8},"fnMap":{"1":{"name":"(anonymous_1)","line":1,"loc":{"start":{"line":1,"column":15},"end":{"line":1,"column":42}}}},"statementMap":{"1":{"start":{"line":1,"column":1},"end":{"line":23,"column":2}},"2":{"start":{"line":2,"column":4},"end":{"line":2,"column":42}},"3":{"start":{"line":3,"column":4},"end":{"line":3,"column":20}},"4":{"start":{"line":4,"column":4},"end":{"line":4,"column":20}},"5":{"start":{"line":6,"column":4},"end":{"line":21,"column":5}},"6":{"start":{"line":7,"column":8},"end":{"line":7,"column":27}},"7":{"start":{"line":8,"column":8},"end":{"line":15,"column":9}},"8":{"start":{"line":9,"column":12},"end":{"line":9,"column":28}},"9":{"start":{"line":10,"column":12},"end":{"line":13,"column":13}},"10":{"start":{"line":11,"column":16},"end":{"line":11,"column":32}},"11":{"start":{"line":12,"column":16},"end":{"line":12,"column":37}},"12":{"start":{"line":14,"column":12},"end":{"line":14,"column":16}},"13":{"start":{"line":16,"column":8},"end":{"line":20,"column":9}},"14":{"start":{"line":17,"column":12},"end":{"line":17,"column":40}},"15":{"start":{"line":19,"column":12},"end":{"line":19,"column":27}},"16":{"start":{"line":22,"column":4},"end":{"line":22,"column":42}},"17":{"start":{"line":24,"column":0},"end":{"line":24,"column":28}},"18":{"start":{"line":27,"column":0},"end":{"line":27,"column":34}},"19":{"start":{"line":29,"column":0},"end":{"line":29,"column":25}}},"branchMap":{"1":{"line":6,"type":"if","locations":[{"start":{"line":6,"column":4},"end":{"line":6,"column":4}},{"start":{"line":6,"column":4},"end":{"line":6,"column":4}}]},"2":{"line":8,"type":"binary-expr","locations":[{"start":{"line":8,"column":15},"end":{"line":8,"column":32}},{"start":{"line":8,"column":36},"end":{"line":8,"column":53}}]},"3":{"line":10,"type":"if","locations":[{"start":{"line":10,"column":12},"end":{"line":10,"column":12}},{"start":{"line":10,"column":12},"end":{"line":10,"column":12}}]},"4":{"line":10,"type":"binary-expr","locations":[{"start":{"line":10,"column":16},"end":{"line":10,"column":31}},{"start":{"line":10,"column":35},"end":{"line":10,"column":50}}]},"5":{"line":16,"type":"if","locations":[{"start":{"line":16,"column":8},"end":{"line":16,"column":8}},{"start":{"line":16,"column":8},"end":{"line":16,"column":8}}]}}}}